<?xml version="1.0" encoding="UTF-8"?>
<!-- Generated by org.testng.reporters.JUnitReportReporter -->
<testsuite hostname="WINDOWS-I42JNHR" failures="1" tests="8" name="com.testscripts.LoginGoogleTests" time="37.235" errors="0" timestamp="2024-02-23T10:54:56 IST" skipped="0">
  <testcase classname="com.testscripts.LoginGoogleTests" name="ValidateGoogleSigninDisablemail" time="14.915"/>
  <system-out/>
  <testcase classname="com.testscripts.LoginGoogleTests" name="ValidateWhatsappConfig" time="0.125"/>
  <system-out/>
  <testcase classname="com.testscripts.LoginGoogleTests" name="ValidateAttendee_orderconfrm" time="13.999"/>
  <system-out/>
  <testcase classname="com.testscripts.LoginGoogleTests" name="validateViewTicketUrl" time="1.281"/>
  <system-out/>
  <testcase classname="com.testscripts.LoginGoogleTests" name="ValidateRegUrl" time="1.373"/>
  <system-out/>
  <testcase classname="com.testscripts.LoginGoogleTests" name="ValidateOrderId" time="1.041"/>
  <system-out/>
  <testcase classname="com.testscripts.LoginGoogleTests" name="ValidateBuyerDetails" time="0.897"/>
  <system-out/>
  <testcase classname="com.testscripts.LoginGoogleTests" name="ValidatecompleteReg" time="3.604">
    <failure message="expected [true] but found [false]" type="java.lang.AssertionError">
      <![CDATA[java.lang.AssertionError: expected [true] but found [false]
at org.testng.Assert.fail(Assert.java:99)
at org.testng.Assert.failNotEquals(Assert.java:1037)
at org.testng.Assert.assertTrue(Assert.java:45)
at org.testng.Assert.assertTrue(Assert.java:55)
at com.pages.LoginWithGoogle.verifyCompleteRegistration(LoginWithGoogle.java:313)
at com.testscripts.LoginGoogleTests.ValidatecompleteReg(LoginGoogleTests.java:99)
at java.base/jdk.internal.reflect.NativeMethodAccessorImpl.invoke0(Native Method)
at java.base/jdk.internal.reflect.NativeMethodAccessorImpl.invoke(NativeMethodAccessorImpl.java:77)
at java.base/jdk.internal.reflect.DelegatingMethodAccessorImpl.invoke(DelegatingMethodAccessorImpl.java:43)
at java.base/java.lang.reflect.Method.invoke(Method.java:568)
at org.testng.internal.MethodInvocationHelper.invokeMethod(MethodInvocationHelper.java:133)
at org.testng.internal.TestInvoker.invokeMethod(TestInvoker.java:598)
at org.testng.internal.TestInvoker.invokeTestMethod(TestInvoker.java:173)
at org.testng.internal.MethodRunner.runInSequence(MethodRunner.java:46)
at org.testng.internal.TestInvoker$MethodInvocationAgent.invoke(TestInvoker.java:824)
at org.testng.internal.TestInvoker.invokeTestMethods(TestInvoker.java:146)
at org.testng.internal.TestMethodWorker.invokeTestMethods(TestMethodWorker.java:146)
at org.testng.internal.TestMethodWorker.run(TestMethodWorker.java:128)
at java.base/java.util.ArrayList.forEach(ArrayList.java:1511)
at org.testng.TestRunner.privateRun(TestRunner.java:794)
at org.testng.TestRunner.run(TestRunner.java:596)
at org.testng.SuiteRunner.runTest(SuiteRunner.java:377)
at org.testng.SuiteRunner.runSequentially(SuiteRunner.java:371)
at org.testng.SuiteRunner.privateRun(SuiteRunner.java:332)
at org.testng.SuiteRunner.run(SuiteRunner.java:276)
at org.testng.SuiteRunnerWorker.runSuite(SuiteRunnerWorker.java:53)
at org.testng.SuiteRunnerWorker.run(SuiteRunnerWorker.java:96)
at org.testng.TestNG.runSuitesSequentially(TestNG.java:1212)
at org.testng.TestNG.runSuitesLocally(TestNG.java:1134)
at org.testng.TestNG.runSuites(TestNG.java:1063)
at org.testng.TestNG.run(TestNG.java:1031)
at org.testng.remote.AbstractRemoteTestNG.run(AbstractRemoteTestNG.java:115)
at org.testng.remote.RemoteTestNG.initAndRun(RemoteTestNG.java:251)
at org.testng.remote.RemoteTestNG.main(RemoteTestNG.java:77)
]]>
    </failure>
  </testcase> <!-- ValidatecompleteReg -->
  <system-out/>
</testsuite> <!-- com.testscripts.LoginGoogleTests -->
